-------------------------------------------------------------------------------
Test set: TestSuite
-------------------------------------------------------------------------------
Tests run: 3, Failures: 1, Errors: 0, Skipped: 0, Time elapsed: 35.465 s <<< FAILURE! - in TestSuite
runScenario(infynicucumberautomation.runners.Runner)  Time elapsed: 20.987 s  <<< FAILURE!
java.lang.AssertionError: expected [All projects] but found []

